<?xml version="1.0" encoding="UTF-8"?>
<testsuite name="blogish.PostSpec" tests="1" skipped="0" failures="1" errors="0" timestamp="2015-07-23T15:34:37" hostname="AaronLenovo" time="9.547">
  <properties/>
  <testcase name="test something" classname="blogish.PostSpec" time="9.547">
    <failure message="Condition not satisfied:&#10;&#10;true == false&#10;     |&#10;     false&#10;" type="org.spockframework.runtime.SpockComparisonFailure">Condition not satisfied:

true == false
     |
     false

	at blogish.PostSpec.test something(PostSpec.groovy:20)
</failure>
  </testcase>
  <system-out><![CDATA[]]></system-out>
  <system-err><![CDATA[]]></system-err>
</testsuite>
