<?xml version="1.0" encoding="UTF-8"?>
<testsuite name="blogish.PostSpec" tests="4" skipped="0" failures="0" errors="0" timestamp="2015-07-23T18:08:40" hostname="AaronLenovo" time="4.014">
  <properties/>
  <testcase name="testCrud" classname="blogish.PostSpec" time="3.804"/>
  <testcase name="test update" classname="blogish.PostSpec" time="0.04"/>
  <testcase name="test delete" classname="blogish.PostSpec" time="0.145"/>
  <testcase name="testTitleIsRequired" classname="blogish.PostSpec" time="0.025"/>
  <system-out><![CDATA[blogish.Post : (unsaved)]]></system-out>
  <system-err><![CDATA[]]></system-err>
</testsuite>
